<?xml version="1.0" encoding="UTF-8"?>
<!-- Generated by org.testng.reporters.JUnitXMLReporter -->
<testsuite hostname="MSI" ignored="0" name="Command line test" tests="15" failures="0" timestamp="2018-12-19T16:09:57 GMT" time="141.862" errors="0">
  <testcase name="verifyContactsPageLabelTest" time="0.034" classname="com.freecrm.qa.testcases.ContactsPageTest"/>
  <testcase name="verifyHomePageTitleTest" time="0.008" classname="com.freecrm.qa.testcases.HomePageTest"/>
  <testcase name="loginPageTitleTest" time="0.048" classname="com.freecrm.qa.testcases.LoginPageTest"/>
  <testcase name="selectSingleContactsByNameTest" time="0.091" classname="com.freecrm.qa.testcases.ContactsPageTest"/>
  <testcase name="verifyUserNameTest" time="0.161" classname="com.freecrm.qa.testcases.HomePageTest"/>
  <testcase name="crmLogoImageTest" time="0.034" classname="com.freecrm.qa.testcases.LoginPageTest"/>
  <testcase name="selectMultipleContactsByNameTest" time="0.169" classname="com.freecrm.qa.testcases.ContactsPageTest"/>
  <testcase name="clickOnContactsLinkTest" time="0.775" classname="com.freecrm.qa.testcases.HomePageTest"/>
  <testcase name="loginTest" time="2.92" classname="com.freecrm.qa.testcases.LoginPageTest"/>
  <testcase name="validateCreateNewContactTest" time="2.756" classname="com.freecrm.qa.testcases.ContactsPageTest"/>
  <testcase name="validateCreateNewContactTest" time="2.579" classname="com.freecrm.qa.testcases.ContactsPageTest"/>
  <testcase name="validateCreateNewContactTest" time="2.587" classname="com.freecrm.qa.testcases.ContactsPageTest"/>
  <testcase name="verifySetupLinkTest" time="0.828" classname="com.freecrm.qa.testcases.HomePageTest"/>
  <testcase name="verifyLogoutLinkTest" time="0.648" classname="com.freecrm.qa.testcases.HomePageTest"/>
  <testcase name="verifyHelpLinkTest" time="0.31" classname="com.freecrm.qa.testcases.HomePageTest"/>
</testsuite> <!-- Command line test -->
