<?xml version="1.0" encoding="UTF-8" ?>
<testsuite tests="15" failures="0" name="TestSuite" time="13.952" errors="0" skipped="0">
  <properties>
[...]
</properties>
  <testcase classname="com.freecrm.qa.testcases.ContactsPageTest" name="verifyContactsPageLabelTest" time="0.036"/>
  <testcase classname="com.freecrm.qa.testcases.HomePageTest" name="verifyHomePageTitleTest" time="0.008"/>
  <testcase classname="com.freecrm.qa.testcases.LoginPageTest" name="loginPageTitleTest" time="0.049"/>
  <testcase classname="com.freecrm.qa.testcases.ContactsPageTest" name="selectSingleContactsByNameTest" time="0.091"/>
  <testcase classname="com.freecrm.qa.testcases.HomePageTest" name="verifyUserNameTest" time="0.162"/>
  <testcase classname="com.freecrm.qa.testcases.LoginPageTest" name="crmLogoImageTest" time="0.034"/>
  <testcase classname="com.freecrm.qa.testcases.ContactsPageTest" name="selectMultipleContactsByNameTest" time="0.168"/>
  <testcase classname="com.freecrm.qa.testcases.HomePageTest" name="clickOnContactsLinkTest" time="0.775"/>
  <testcase classname="com.freecrm.qa.testcases.LoginPageTest" name="loginTest" time="2.92"/>
  <testcase classname="com.freecrm.qa.testcases.ContactsPageTest" name="validateCreateNewContactTest" time="2.755"/>
  <testcase classname="com.freecrm.qa.testcases.ContactsPageTest" name="validateCreateNewContactTest" time="2.578"/>
  <testcase classname="com.freecrm.qa.testcases.ContactsPageTest" name="validateCreateNewContactTest" time="2.588"/>
  <testcase classname="com.freecrm.qa.testcases.HomePageTest" name="verifySetupLinkTest" time="0.829"/>
  <testcase classname="com.freecrm.qa.testcases.HomePageTest" name="verifyLogoutLinkTest" time="0.648"/>
  <testcase classname="com.freecrm.qa.testcases.HomePageTest" name="verifyHelpLinkTest" time="0.311"/>
</testsuite>